\BOOKMARK [0][-]{dummy.2}{\376\377\000A\000b\000s\000t\000r\000a\000c\000t}{}% 1
\BOOKMARK [0][-]{dummy.3}{\376\377\000A\000c\000k\000n\000o\000w\000l\000e\000d\000g\000e\000m\000e\000n\000t\000s}{}% 2
\BOOKMARK [0][-]{dummy.4}{\376\377\000C\000o\000n\000t\000e\000n\000t\000s}{}% 3
\BOOKMARK [0][-]{dummy.6}{\376\377\000L\000i\000s\000t\000\040\000o\000f\000\040\000F\000i\000g\000u\000r\000e\000s}{}% 4
\BOOKMARK [0][-]{dummy.8}{\376\377\000L\000i\000s\000t\000\040\000o\000f\000\040\000T\000a\000b\000l\000e\000s}{}% 5
\BOOKMARK [0][-]{chapter*.10}{\376\377\000D\000e\000f\000i\000n\000i\000t\000i\000o\000n\000s}{}% 6
\BOOKMARK [0][-]{chapter.12}{\376\377\0001\000\040\000I\000n\000t\000r\000o\000d\000u\000c\000t\000i\000o\000n}{}% 7
\BOOKMARK [1][-]{section.15}{\376\377\0001\000.\0001\000\040\000O\000b\000j\000e\000c\000t\000i\000v\000e\000s}{chapter.12}% 8
\BOOKMARK [1][-]{section.16}{\376\377\0001\000.\0002\000\040\000O\000r\000g\000a\000n\000i\000z\000a\000t\000i\000o\000n\000,\000\040\000s\000t\000r\000u\000c\000t\000u\000r\000e\000\040\000o\000f\000\040\000t\000h\000e\000\040\000d\000o\000c\000u\000m\000e\000n\000t}{chapter.12}% 9
\BOOKMARK [0][-]{chapter.17}{\376\377\0002\000\040\000P\000r\000o\000b\000l\000e\000m\000\040\000D\000e\000f\000i\000n\000i\000t\000i\000o\000n}{}% 10
\BOOKMARK [1][-]{section.18}{\376\377\0002\000.\0001\000\040\000Q\000u\000a\000n\000t\000i\000f\000y\000i\000n\000g\000\040\000t\000h\000e\000\040\000s\000t\000r\000a\000n\000g\000e\000n\000e\000s\000s\000\040\000o\000f\000\040\000a\000\040\000s\000t\000i\000m\000u\000l\000i}{chapter.17}% 11
\BOOKMARK [1][-]{section.21}{\376\377\0002\000.\0002\000\040\000Q\000u\000a\000n\000t\000i\000f\000y\000i\000n\000g\000\040\000t\000h\000e\000\040\000i\000n\000t\000e\000r\000e\000s\000t\000\040\000o\000f\000\040\000a\000\040\000s\000t\000i\000m\000u\000l\000i}{chapter.17}% 12
\BOOKMARK [1][-]{section.24}{\376\377\0002\000.\0003\000\040\000L\000e\000a\000r\000n\000i\000n\000g\000\040\000f\000r\000o\000m\000\040\000n\000o\000v\000e\000l\000\040\000s\000t\000i\000m\000u\000l\000i}{chapter.17}% 13
\BOOKMARK [1][-]{section.25}{\376\377\0002\000.\0004\000\040\000C\000o\000n\000t\000r\000o\000l\000l\000i\000n\000g\000\040\000t\000h\000e\000\040\000c\000u\000r\000i\000o\000s\000i\000t\000y\000\040\000l\000e\000v\000e\000l}{chapter.17}% 14
\BOOKMARK [1][-]{section.26}{\376\377\0002\000.\0005\000\040\000W\000o\000r\000k\000i\000n\000g\000\040\000a\000u\000t\000o\000n\000o\000m\000o\000u\000s\000l\000y\000\040\000a\000n\000d\000\040\000b\000e\000i\000n\000g\000\040\000i\000n\000t\000e\000r\000a\000c\000t\000i\000v\000e}{chapter.17}% 15
\BOOKMARK [0][-]{chapter.27}{\376\377\0003\000\040\000D\000e\000s\000c\000r\000i\000p\000t\000i\000o\000n\000\040\000o\000f\000\040\000t\000h\000e\000\040\000p\000r\000o\000p\000o\000s\000e\000d\000\040\000s\000o\000l\000u\000t\000i\000o\000n}{}% 16
\BOOKMARK [1][-]{section.29}{\376\377\0003\000.\0001\000\040\000E\000n\000a\000b\000l\000i\000n\000g\000\040\000t\000h\000e\000\040\000s\000y\000s\000t\000e\000m\000\040\000t\000o\000\040\000e\000v\000a\000l\000u\000a\000t\000e\000\040\000t\000h\000e\000\040\000s\000t\000r\000a\000n\000g\000e\000n\000e\000s\000s\000\040\000o\000f\000\040\000a\000\040\000s\000t\000i\000m\000u\000l\000i}{chapter.27}% 17
\BOOKMARK [2][-]{subsection.32}{\376\377\0003\000.\0001\000.\0001\000\040\000M\000o\000d\000e\000l\000\040\000o\000f\000\040\000n\000o\000r\000m\000a\000l\000i\000t\000y}{section.29}% 18
\BOOKMARK [2][-]{subsection.33}{\376\377\0003\000.\0001\000.\0002\000\040\000O\000b\000t\000a\000i\000n\000i\000n\000g\000\040\000t\000h\000e\000\040\000n\000o\000v\000e\000l\000t\000y\000\040\000s\000c\000o\000r\000e}{section.29}% 19
\BOOKMARK [2][-]{subsection.39}{\376\377\0003\000.\0001\000.\0003\000\040\000O\000b\000t\000a\000i\000n\000i\000n\000g\000\040\000t\000h\000e\000\040\000s\000t\000r\000a\000n\000g\000e\000n\000e\000s\000s\000\040\000t\000h\000r\000e\000s\000h\000o\000l\000d}{section.29}% 20
\BOOKMARK [1][-]{section.47}{\376\377\0003\000.\0002\000\040\000E\000n\000a\000b\000l\000i\000n\000g\000\040\000t\000h\000e\000\040\000s\000y\000s\000t\000e\000m\000\040\000t\000o\000\040\000f\000i\000l\000t\000e\000r\000\040\000n\000o\000i\000s\000e\000\040\000b\000y\000\040\000e\000v\000a\000l\000u\000a\000t\000i\000n\000g\000\040\000t\000h\000e\000\040\000i\000n\000t\000e\000r\000e\000s\000t\000\040\000o\000f\000\040\000a\000\040\000s\000t\000i\000m\000u\000l\000i}{chapter.27}% 21
\BOOKMARK [2][-]{subsection.50}{\376\377\0003\000.\0002\000.\0001\000\040\000M\000o\000d\000e\000l\000\040\000o\000f\000\040\000n\000o\000r\000m\000a\000l\000i\000t\000y}{section.47}% 22
\BOOKMARK [2][-]{subsection.51}{\376\377\0003\000.\0002\000.\0002\000\040\000O\000b\000t\000a\000i\000n\000i\000n\000g\000\040\000t\000h\000e\000\040\000n\000o\000i\000s\000e\000\040\000s\000c\000o\000r\000e}{section.47}% 23
\BOOKMARK [2][-]{subsection.53}{\376\377\0003\000.\0002\000.\0003\000\040\000O\000b\000t\000a\000i\000n\000i\000n\000g\000\040\000t\000h\000e\000\040\000n\000o\000i\000s\000e\000\040\000t\000h\000r\000e\000s\000h\000o\000l\000d}{section.47}% 24
\BOOKMARK [1][-]{section.55}{\376\377\0003\000.\0003\000\040\000E\000n\000a\000b\000l\000i\000n\000g\000\040\000t\000h\000e\000\040\000s\000y\000s\000t\000e\000m\000\040\000t\000o\000\040\000c\000o\000n\000t\000r\000o\000l\000\040\000t\000h\000e\000\040\000c\000u\000r\000i\000o\000s\000i\000t\000y\000\040\000l\000e\000v\000e\000l}{chapter.27}% 25
\BOOKMARK [1][-]{section.58}{\376\377\0003\000.\0004\000\040\000E\000n\000a\000b\000l\000i\000n\000g\000\040\000t\000h\000e\000\040\000s\000y\000s\000t\000e\000m\000\040\000t\000o\000\040\000l\000e\000a\000r\000n\000\040\000f\000r\000o\000m\000\040\000n\000o\000v\000e\000l\000\040\000s\000t\000i\000m\000u\000l\000i}{chapter.27}% 26
\BOOKMARK [1][-]{section.60}{\376\377\0003\000.\0005\000\040\000E\000n\000a\000b\000l\000i\000n\000g\000\040\000t\000h\000e\000\040\000s\000y\000s\000t\000e\000m\000\040\000t\000o\000\040\000w\000o\000r\000k\000\040\000a\000u\000t\000o\000n\000o\000m\000o\000u\000s\000l\000y\000\040\000a\000n\000d\000\040\000t\000o\000\040\000b\000e\000\040\000i\000n\000t\000e\000r\000a\000c\000t\000i\000v\000e}{chapter.27}% 27
\BOOKMARK [1][-]{section.62}{\376\377\0003\000.\0006\000\040\000D\000e\000s\000c\000r\000i\000p\000t\000i\000o\000n\000\040\000o\000f\000\040\000t\000h\000e\000\040\000u\000s\000e\000d\000\040\000n\000o\000v\000e\000l\000t\000y\000\040\000d\000e\000t\000e\000c\000t\000i\000o\000n\000\040\000m\000e\000t\000h\000o\000d\000s}{chapter.27}% 28
\BOOKMARK [2][-]{subsection.63}{\376\377\0003\000.\0006\000.\0001\000\040\000P\000r\000o\000b\000a\000b\000i\000l\000i\000s\000t\000i\000c\000-\000b\000a\000s\000e\000d\000\040\000n\000o\000v\000e\000l\000t\000y\000\040\000d\000e\000t\000e\000c\000t\000i\000o\000n\000\040\000m\000e\000t\000h\000o\000d\000s}{section.62}% 29
\BOOKMARK [2][-]{subsection.64}{\376\377\0003\000.\0006\000.\0002\000\040\000D\000i\000s\000t\000a\000n\000c\000e\000-\000b\000a\000s\000e\000d\000\040\000n\000o\000v\000e\000l\000t\000y\000\040\000d\000e\000t\000e\000c\000t\000i\000o\000n\000\040\000m\000e\000t\000h\000o\000d\000s}{section.62}% 30
\BOOKMARK [2][-]{subsection.65}{\376\377\0003\000.\0006\000.\0003\000\040\000D\000o\000m\000a\000i\000n\000-\000b\000a\000s\000e\000d\000\040\000n\000o\000v\000e\000l\000t\000y\000\040\000d\000e\000t\000e\000c\000t\000i\000o\000n\000\040\000m\000e\000t\000h\000o\000d\000s}{section.62}% 31
\BOOKMARK [0][-]{chapter.66}{\376\377\0004\000\040\000E\000x\000p\000e\000r\000i\000m\000e\000n\000t\000s}{}% 32
\BOOKMARK [1][-]{section.67}{\376\377\0004\000.\0001\000\040\000D\000e\000s\000c\000r\000i\000p\000t\000i\000o\000n\000\040\000o\000f\000\040\000t\000h\000e\000\040\000d\000a\000t\000a\000s\000e\000t}{chapter.66}% 33
\BOOKMARK [1][-]{section.73}{\376\377\0004\000.\0002\000\040\000D\000a\000t\000a\000\040\000t\000r\000e\000a\000t\000m\000e\000n\000t\000\040\000f\000o\000r\000\040\000t\000h\000i\000s\000\040\000e\000x\000p\000e\000r\000i\000m\000e\000n\000t}{chapter.66}% 34
\BOOKMARK [1][-]{section.81}{\376\377\0004\000.\0003\000\040\000M\000e\000t\000h\000o\000d}{chapter.66}% 35
\BOOKMARK [1][-]{section.82}{\376\377\0004\000.\0004\000\040\000E\000x\000p\000e\000r\000i\000m\000e\000n\000t\000a\000l\000\040\000s\000e\000t\000u\000p}{chapter.66}% 36
\BOOKMARK [2][-]{subsection.83}{\376\377\0004\000.\0004\000.\0001\000\040\000A\000l\000g\000o\000r\000i\000t\000h\000m\000s\000\040\000u\000s\000e\000d}{section.82}% 37
\BOOKMARK [2][-]{subsection.86}{\376\377\0004\000.\0004\000.\0002\000\040\000G\000r\000a\000p\000h\000i\000c\000\040\000I\000n\000t\000e\000r\000f\000a\000c\000e}{section.82}% 38
\BOOKMARK [1][-]{section.89}{\376\377\0004\000.\0005\000\040\000R\000e\000s\000u\000l\000t\000s}{chapter.66}% 39
\BOOKMARK [2][-]{subsection.90}{\376\377\0004\000.\0005\000.\0001\000\040\000P\000a\000r\000t\000\040\0001\000.\000\040\000N\000o\000i\000s\000e\000\040\000f\000i\000l\000t\000e\000r\000i\000n\000g\000\040\000b\000y\000\040\000i\000n\000t\000e\000r\000e\000s\000t\000i\000n\000g\000n\000e\000s\000s\000\040\000e\000v\000a\000l\000u\000a\000t\000i\000o\000n}{section.89}% 40
\BOOKMARK [2][-]{subsection.94}{\376\377\0004\000.\0005\000.\0002\000\040\000P\000a\000r\000t\000\040\0002\000.\000\040\000S\000t\000r\000a\000n\000g\000e\000n\000e\000s\000s\000\040\000e\000v\000a\000l\000u\000a\000t\000i\000o\000n}{section.89}% 41
\BOOKMARK [2][-]{subsection.96}{\376\377\0004\000.\0005\000.\0003\000\040\000G\000l\000o\000b\000a\000l\000\040\000n\000o\000v\000e\000l\000t\000i\000e\000s}{section.89}% 42
\BOOKMARK [3][-]{subsubsection.97}{\376\377\0004\000.\0005\000.\0003\000.\0001\000\040\000S\000i\000z\000e\000\040\000o\000f\000\040\000t\000h\000e\000\040\000b\000a\000s\000e\000\040\000o\000f\000\040\000k\000n\000o\000w\000l\000e\000d\000g\000e}{subsection.96}% 43
\BOOKMARK [3][-]{subsubsection.104}{\376\377\0004\000.\0005\000.\0003\000.\0002\000\040\000C\000o\000m\000p\000a\000r\000i\000s\000o\000n\000\040\000o\000f\000\040\000t\000h\000e\000\040\000p\000e\000r\000f\000o\000r\000m\000a\000n\000c\000e\000\040\000f\000o\000r\000\040\000t\000h\000e\000\040\000d\000i\000f\000f\000e\000r\000e\000n\000t\000\040\000s\000e\000t\000\040\000o\000f\000\040\000p\000o\000s\000e\000s}{subsection.96}% 44
\BOOKMARK [2][-]{subsection.107}{\376\377\0004\000.\0005\000.\0004\000\040\000I\000n\000-\000c\000l\000a\000s\000s\000\040\000n\000o\000v\000e\000l\000t\000i\000e\000s}{section.89}% 45
\BOOKMARK [2][-]{subsection.112}{\376\377\0004\000.\0005\000.\0005\000\040\000N\000o\000v\000e\000l\000t\000i\000e\000s\000\040\000i\000n\000\040\000m\000u\000l\000t\000i\000-\000c\000l\000a\000s\000s\000\040\000s\000y\000s\000t\000e\000m\000s}{section.89}% 46
\BOOKMARK [1][-]{section.115}{\376\377\0004\000.\0006\000\040\000D\000i\000s\000c\000u\000s\000s\000i\000o\000n}{chapter.66}% 47
\BOOKMARK [0][-]{chapter.116}{\376\377\0005\000\040\000S\000t\000a\000t\000e\000\040\000o\000f\000\040\000t\000h\000e\000\040\000A\000r\000t}{}% 48
\BOOKMARK [0][-]{chapter.117}{\376\377\0006\000\040\000C\000o\000n\000c\000l\000u\000s\000i\000o\000n\000s}{}% 49
\BOOKMARK [0][-]{chapter.118}{\376\377\0007\000\040\000E\000p\000i\000l\000o\000g\000u\000e\000.\000\040\000S\000o\000c\000i\000o\000e\000c\000o\000n\000o\000m\000i\000c\000\040\000S\000t\000a\000t\000e\000\040\000o\000f\000\040\000A\000r\000t\000i\000f\000i\000c\000i\000a\000l\000\040\000I\000n\000t\000e\000l\000l\000i\000g\000e\000n\000c\000e}{}% 50
\BOOKMARK [0][-]{appendix.119}{\376\377\000A\000\040\000E\000x\000t\000e\000n\000s\000i\000o\000n\000\040\000o\000f\000\040\000t\000h\000e\000\040\000R\000e\000s\000u\000l\000t\000s\000\040\000S\000e\000c\000t\000i\000o\000n}{}% 51
\BOOKMARK [1][-]{section.120}{\376\377\000A\000.\0001\000\040\000M\000a\000n\000u\000a\000l\000\040\000c\000l\000a\000s\000s\000i\000f\000i\000c\000a\000t\000i\000o\000n\000\040\000o\000f\000\040\000t\000h\000e\000\040\000p\000o\000s\000e\000s\000\040\000o\000f\000\040\000u\000s\000e\000r\000s}{appendix.119}% 52
\BOOKMARK [1][-]{section.124}{\376\377\000A\000.\0002\000\040\000M\000o\000r\000e\000\040\000m\000e\000t\000r\000i\000c\000s\000\040\000p\000e\000r\000f\000o\000r\000m\000e\000d\000\040\000t\000o\000\040\000t\000h\000e\000\040\000e\000x\000p\000e\000r\000i\000m\000e\000n\000t\000s}{appendix.119}% 53
\BOOKMARK [2][-]{subsection.129}{\376\377\000A\000.\0002\000.\0001\000\040\000G\000l\000o\000b\000a\000l\000\040\000N\000o\000v\000e\000l\000t\000i\000e\000s}{section.124}% 54
\BOOKMARK [2][-]{subsection.133}{\376\377\000A\000.\0002\000.\0002\000\040\000I\000n\000-\000c\000l\000a\000s\000s\000\040\000N\000o\000v\000e\000l\000t\000i\000e\000s}{section.124}% 55
\BOOKMARK [0][-]{appendix.137}{\376\377\000B\000\040\000R\000e\000g\000u\000l\000a\000t\000o\000r\000y\000\040\000F\000r\000a\000m\000e\000w\000o\000r\000k}{}% 56
\BOOKMARK [0][-]{appendix.139}{\376\377\000C\000\040\000P\000r\000o\000j\000e\000c\000t\000\040\000P\000l\000a\000n\000n\000i\000n\000g\000\040\000a\000n\000d\000\040\000B\000u\000d\000g\000e\000t}{}% 57
\BOOKMARK [1][-]{section.140}{\376\377\000C\000.\0001\000\040\000P\000r\000o\000j\000e\000c\000t\000\040\000P\000l\000a\000n\000n\000i\000n\000g}{appendix.139}% 58
\BOOKMARK [1][-]{section.142}{\376\377\000C\000.\0002\000\040\000P\000r\000o\000j\000e\000c\000t\000\040\000B\000u\000d\000g\000e\000t}{appendix.139}% 59
\BOOKMARK [0][-]{dummy.144}{\376\377\000B\000i\000b\000l\000i\000o\000g\000r\000a\000p\000h\000y}{}% 60
