This is pdfTeX, Version 3.1415926-2.4-1.40.13 (TeX Live 2012) (format=pdflatex 2012.6.30)  22 JUN 2014 22:38
entering extended mode
 restricted \write18 enabled.
 %&-line parsing enabled.
**main.tex
(./main.tex
LaTeX2e <2011/06/27>
Babel <v3.8m> and hyphenation patterns for english, dumylang, nohyphenation, ge
rman-x-2012-05-30, ngerman-x-2012-05-30, afrikaans, ancientgreek, ibycus, arabi
c, armenian, basque, bulgarian, catalan, pinyin, coptic, croatian, czech, danis
h, dutch, ukenglish, usenglishmax, esperanto, estonian, ethiopic, farsi, finnis
h, french, friulan, galician, german, ngerman, swissgerman, monogreek, greek, h
ungarian, icelandic, assamese, bengali, gujarati, hindi, kannada, malayalam, ma
rathi, oriya, panjabi, tamil, telugu, indonesian, interlingua, irish, italian, 
kurmanji, latin, latvian, lithuanian, mongolian, mongolianlmc, bokmal, nynorsk,
 polish, portuguese, romanian, romansh, russian, sanskrit, serbian, serbianc, s
lovak, slovenian, spanish, swedish, turkish, turkmen, ukrainian, uppersorbian, 
welsh, loaded.
(./Thesis.cls
Document Class: Thesis 2007/22/02 v1.0 LaTeX document class
(/usr/local/texlive/2012/texmf-dist/tex/latex/base/book.cls
Document Class: book 2007/10/19 v1.4h Standard LaTeX document class
(/usr/local/texlive/2012/texmf-dist/tex/latex/base/bk11.clo
File: bk11.clo 2007/10/19 v1.4h Standard LaTeX file (size option)
)
\c@part=\count79
\c@chapter=\count80
\c@section=\count81
\c@subsection=\count82
\c@subsubsection=\count83
\c@paragraph=\count84
\c@subparagraph=\count85
\c@figure=\count86
\c@table=\count87
\abovecaptionskip=\skip41
\belowcaptionskip=\skip42
\bibindent=\dimen102
)
(/usr/local/texlive/2012/texmf-dist/tex/latex/setspace/setspace.sty
Package: setspace 2011/12/19 v6.7a set line spacing
)
(/usr/local/texlive/2012/texmf-dist/tex/latex/vmargin/vmargin.sty
Package: vmargin 2004/07/15 V2.5 set document margins (VK)

Package: vmargin 2004/07/15 V2.5 set document margins (VK)
\PaperWidth=\dimen103
\PaperHeight=\dimen104
) (/usr/local/texlive/2012/texmf-dist/tex/latex/oberdiek/pdflscape.sty
Package: pdflscape 2008/08/11 v0.10 Display of landscape pages in PDF (HO)

(/usr/local/texlive/2012/texmf-dist/tex/latex/graphics/lscape.sty
Package: lscape 2000/10/22 v3.01 Landscape Pages (DPC)

(/usr/local/texlive/2012/texmf-dist/tex/latex/graphics/graphics.sty
Package: graphics 2009/02/05 v1.0o Standard LaTeX Graphics (DPC,SPQR)

(/usr/local/texlive/2012/texmf-dist/tex/latex/graphics/trig.sty
Package: trig 1999/03/16 v1.09 sin cos tan (DPC)
)
(/usr/local/texlive/2012/texmf-dist/tex/latex/latexconfig/graphics.cfg
File: graphics.cfg 2010/04/23 v1.9 graphics configuration of TeX Live
)
Package graphics Info: Driver file: pdftex.def on input line 91.

(/usr/local/texlive/2012/texmf-dist/tex/latex/pdftex-def/pdftex.def
File: pdftex.def 2011/05/27 v0.06d Graphics/color for pdfTeX

(/usr/local/texlive/2012/texmf-dist/tex/generic/oberdiek/infwarerr.sty
Package: infwarerr 2010/04/08 v1.3 Providing info/warning/error messages (HO)
)
(/usr/local/texlive/2012/texmf-dist/tex/generic/oberdiek/ltxcmds.sty
Package: ltxcmds 2011/11/09 v1.22 LaTeX kernel commands for general use (HO)
)
\Gread@gobject=\count88
)))
(/usr/local/texlive/2012/texmf-dist/tex/generic/oberdiek/ifpdf.sty
Package: ifpdf 2011/01/30 v2.3 Provides the ifpdf switch (HO)
Package ifpdf Info: pdfTeX in PDF mode is detected.
)
Package pdflscape Info: Auto-detected driver: pdftex on input line 80.

(/usr/local/texlive/2012/texmf-dist/tex/generic/ifxetex/ifxetex.sty
Package: ifxetex 2010/09/12 v0.6 Provides ifxetex conditional
))
(/usr/local/texlive/2012/texmf-dist/tex/latex/eurosym/eurosym.sty
Package: eurosym 1998/08/06 v1.1 European currency symbol ``Euro''
\@eurobox=\box26
)
(/usr/local/texlive/2012/texmf-dist/tex/latex/base/inputenc.sty
Package: inputenc 2008/03/30 v1.1d Input encoding file
\inpenc@prehook=\toks14
\inpenc@posthook=\toks15

(/usr/local/texlive/2012/texmf-dist/tex/latex/base/utf8.def
File: utf8.def 2008/04/05 v1.1m UTF-8 support for inputenc
Now handling font encoding OML ...
... no UTF-8 mapping file for font encoding OML
Now handling font encoding T1 ...
... processing UTF-8 mapping file for font encoding T1

(/usr/local/texlive/2012/texmf-dist/tex/latex/base/t1enc.dfu
File: t1enc.dfu 2008/04/05 v1.1m UTF-8 support for inputenc
   defining Unicode char U+00A1 (decimal 161)
   defining Unicode char U+00A3 (decimal 163)
   defining Unicode char U+00AB (decimal 171)
   defining Unicode char U+00BB (decimal 187)
   defining Unicode char U+00BF (decimal 191)
   defining Unicode char U+00C0 (decimal 192)
   defining Unicode char U+00C1 (decimal 193)
   defining Unicode char U+00C2 (decimal 194)
   defining Unicode char U+00C3 (decimal 195)
   defining Unicode char U+00C4 (decimal 196)
   defining Unicode char U+00C5 (decimal 197)
   defining Unicode char U+00C6 (decimal 198)
   defining Unicode char U+00C7 (decimal 199)
   defining Unicode char U+00C8 (decimal 200)
   defining Unicode char U+00C9 (decimal 201)
   defining Unicode char U+00CA (decimal 202)
   defining Unicode char U+00CB (decimal 203)
   defining Unicode char U+00CC (decimal 204)
   defining Unicode char U+00CD (decimal 205)
   defining Unicode char U+00CE (decimal 206)
   defining Unicode char U+00CF (decimal 207)
   defining Unicode char U+00D0 (decimal 208)
   defining Unicode char U+00D1 (decimal 209)
   defining Unicode char U+00D2 (decimal 210)
   defining Unicode char U+00D3 (decimal 211)
   defining Unicode char U+00D4 (decimal 212)
   defining Unicode char U+00D5 (decimal 213)
   defining Unicode char U+00D6 (decimal 214)
   defining Unicode char U+00D8 (decimal 216)
   defining Unicode char U+00D9 (decimal 217)
   defining Unicode char U+00DA (decimal 218)
   defining Unicode char U+00DB (decimal 219)
   defining Unicode char U+00DC (decimal 220)
   defining Unicode char U+00DD (decimal 221)
   defining Unicode char U+00DE (decimal 222)
   defining Unicode char U+00DF (decimal 223)
   defining Unicode char U+00E0 (decimal 224)
   defining Unicode char U+00E1 (decimal 225)
   defining Unicode char U+00E2 (decimal 226)
   defining Unicode char U+00E3 (decimal 227)
   defining Unicode char U+00E4 (decimal 228)
   defining Unicode char U+00E5 (decimal 229)
   defining Unicode char U+00E6 (decimal 230)
   defining Unicode char U+00E7 (decimal 231)
   defining Unicode char U+00E8 (decimal 232)
   defining Unicode char U+00E9 (decimal 233)
   defining Unicode char U+00EA (decimal 234)
   defining Unicode char U+00EB (decimal 235)
   defining Unicode char U+00EC (decimal 236)
   defining Unicode char U+00ED (decimal 237)
   defining Unicode char U+00EE (decimal 238)
   defining Unicode char U+00EF (decimal 239)
   defining Unicode char U+00F0 (decimal 240)
   defining Unicode char U+00F1 (decimal 241)
   defining Unicode char U+00F2 (decimal 242)
   defining Unicode char U+00F3 (decimal 243)
   defining Unicode char U+00F4 (decimal 244)
   defining Unicode char U+00F5 (decimal 245)
   defining Unicode char U+00F6 (decimal 246)
   defining Unicode char U+00F8 (decimal 248)
   defining Unicode char U+00F9 (decimal 249)
   defining Unicode char U+00FA (decimal 250)
   defining Unicode char U+00FB (decimal 251)
   defining Unicode char U+00FC (decimal 252)
   defining Unicode char U+00FD (decimal 253)
   defining Unicode char U+00FE (decimal 254)
   defining Unicode char U+00FF (decimal 255)
   defining Unicode char U+0102 (decimal 258)
   defining Unicode char U+0103 (decimal 259)
   defining Unicode char U+0104 (decimal 260)
   defining Unicode char U+0105 (decimal 261)
   defining Unicode char U+0106 (decimal 262)
   defining Unicode char U+0107 (decimal 263)
   defining Unicode char U+010C (decimal 268)
   defining Unicode char U+010D (decimal 269)
   defining Unicode char U+010E (decimal 270)
   defining Unicode char U+010F (decimal 271)
   defining Unicode char U+0110 (decimal 272)
   defining Unicode char U+0111 (decimal 273)
   defining Unicode char U+0118 (decimal 280)
   defining Unicode char U+0119 (decimal 281)
   defining Unicode char U+011A (decimal 282)
   defining Unicode char U+011B (decimal 283)
   defining Unicode char U+011E (decimal 286)
   defining Unicode char U+011F (decimal 287)
   defining Unicode char U+0130 (decimal 304)
   defining Unicode char U+0131 (decimal 305)
   defining Unicode char U+0132 (decimal 306)
   defining Unicode char U+0133 (decimal 307)
   defining Unicode char U+0139 (decimal 313)
   defining Unicode char U+013A (decimal 314)
   defining Unicode char U+013D (decimal 317)
   defining Unicode char U+013E (decimal 318)
   defining Unicode char U+0141 (decimal 321)
   defining Unicode char U+0142 (decimal 322)
   defining Unicode char U+0143 (decimal 323)
   defining Unicode char U+0144 (decimal 324)
   defining Unicode char U+0147 (decimal 327)
   defining Unicode char U+0148 (decimal 328)
   defining Unicode char U+014A (decimal 330)
   defining Unicode char U+014B (decimal 331)
   defining Unicode char U+0150 (decimal 336)
   defining Unicode char U+0151 (decimal 337)
   defining Unicode char U+0152 (decimal 338)
   defining Unicode char U+0153 (decimal 339)
   defining Unicode char U+0154 (decimal 340)
   defining Unicode char U+0155 (decimal 341)
   defining Unicode char U+0158 (decimal 344)
   defining Unicode char U+0159 (decimal 345)
   defining Unicode char U+015A (decimal 346)
   defining Unicode char U+015B (decimal 347)
   defining Unicode char U+015E (decimal 350)
   defining Unicode char U+015F (decimal 351)
   defining Unicode char U+0160 (decimal 352)
   defining Unicode char U+0161 (decimal 353)
   defining Unicode char U+0162 (decimal 354)
   defining Unicode char U+0163 (decimal 355)
   defining Unicode char U+0164 (decimal 356)
   defining Unicode char U+0165 (decimal 357)
   defining Unicode char U+016E (decimal 366)
   defining Unicode char U+016F (decimal 367)
   defining Unicode char U+0170 (decimal 368)
   defining Unicode char U+0171 (decimal 369)
   defining Unicode char U+0178 (decimal 376)
   defining Unicode char U+0179 (decimal 377)
   defining Unicode char U+017A (decimal 378)
   defining Unicode char U+017B (decimal 379)
   defining Unicode char U+017C (decimal 380)
   defining Unicode char U+017D (decimal 381)
   defining Unicode char U+017E (decimal 382)
   defining Unicode char U+200C (decimal 8204)
   defining Unicode char U+2013 (decimal 8211)
   defining Unicode char U+2014 (decimal 8212)
   defining Unicode char U+2018 (decimal 8216)
   defining Unicode char U+2019 (decimal 8217)
   defining Unicode char U+201A (decimal 8218)
   defining Unicode char U+201C (decimal 8220)
   defining Unicode char U+201D (decimal 8221)
   defining Unicode char U+201E (decimal 8222)
   defining Unicode char U+2030 (decimal 8240)
   defining Unicode char U+2031 (decimal 8241)
   defining Unicode char U+2039 (decimal 8249)
   defining Unicode char U+203A (decimal 8250)
   defining Unicode char U+2423 (decimal 9251)
)
Now handling font encoding OT1 ...
... processing UTF-8 mapping file for font encoding OT1

(/usr/local/texlive/2012/texmf-dist/tex/latex/base/ot1enc.dfu
File: ot1enc.dfu 2008/04/05 v1.1m UTF-8 support for inputenc
   defining Unicode char U+00A1 (decimal 161)
   defining Unicode char U+00A3 (decimal 163)
   defining Unicode char U+00B8 (decimal 184)
   defining Unicode char U+00BF (decimal 191)
   defining Unicode char U+00C5 (decimal 197)
   defining Unicode char U+00C6 (decimal 198)
   defining Unicode char U+00D8 (decimal 216)
   defining Unicode char U+00DF (decimal 223)
   defining Unicode char U+00E6 (decimal 230)
   defining Unicode char U+00EC (decimal 236)
   defining Unicode char U+00ED (decimal 237)
   defining Unicode char U+00EE (decimal 238)
   defining Unicode char U+00EF (decimal 239)
   defining Unicode char U+00F8 (decimal 248)
   defining Unicode char U+0131 (decimal 305)
   defining Unicode char U+0141 (decimal 321)
   defining Unicode char U+0142 (decimal 322)
   defining Unicode char U+0152 (decimal 338)
   defining Unicode char U+0153 (decimal 339)
   defining Unicode char U+2013 (decimal 8211)
   defining Unicode char U+2014 (decimal 8212)
   defining Unicode char U+2018 (decimal 8216)
   defining Unicode char U+2019 (decimal 8217)
   defining Unicode char U+201C (decimal 8220)
   defining Unicode char U+201D (decimal 8221)
)
Now handling font encoding OMS ...
... processing UTF-8 mapping file for font encoding OMS

(/usr/local/texlive/2012/texmf-dist/tex/latex/base/omsenc.dfu
File: omsenc.dfu 2008/04/05 v1.1m UTF-8 support for inputenc
   defining Unicode char U+00A7 (decimal 167)
   defining Unicode char U+00B6 (decimal 182)
   defining Unicode char U+00B7 (decimal 183)
   defining Unicode char U+2020 (decimal 8224)
   defining Unicode char U+2021 (decimal 8225)
   defining Unicode char U+2022 (decimal 8226)
)
Now handling font encoding OMX ...
... no UTF-8 mapping file for font encoding OMX
Now handling font encoding U ...
... no UTF-8 mapping file for font encoding U
   defining Unicode char U+00A9 (decimal 169)
   defining Unicode char U+00AA (decimal 170)
   defining Unicode char U+00AE (decimal 174)
   defining Unicode char U+00BA (decimal 186)
   defining Unicode char U+02C6 (decimal 710)
   defining Unicode char U+02DC (decimal 732)
   defining Unicode char U+200C (decimal 8204)
   defining Unicode char U+2026 (decimal 8230)
   defining Unicode char U+2122 (decimal 8482)
   defining Unicode char U+2423 (decimal 9251)
))
(/usr/local/texlive/2012/texmf-dist/tex/latex/fancyhdr/fancyhdr.sty
\fancy@headwidth=\skip43
\f@ncyO@elh=\skip44
\f@ncyO@erh=\skip45
\f@ncyO@olh=\skip46
\f@ncyO@orh=\skip47
\f@ncyO@elf=\skip48
\f@ncyO@erf=\skip49
\f@ncyO@olf=\skip50
\f@ncyO@orf=\skip51
)
(/usr/local/texlive/2012/texmf-dist/tex/latex/amsmath/amsmath.sty
Package: amsmath 2000/07/18 v2.13 AMS math features
\@mathmargin=\skip52

For additional information on amsmath, use the `?' option.
(/usr/local/texlive/2012/texmf-dist/tex/latex/amsmath/amstext.sty
Package: amstext 2000/06/29 v2.01

(/usr/local/texlive/2012/texmf-dist/tex/latex/amsmath/amsgen.sty
File: amsgen.sty 1999/11/30 v2.0
\@emptytoks=\toks16
\ex@=\dimen105
))
(/usr/local/texlive/2012/texmf-dist/tex/latex/amsmath/amsbsy.sty
Package: amsbsy 1999/11/29 v1.2d
\pmbraise@=\dimen106
)
(/usr/local/texlive/2012/texmf-dist/tex/latex/amsmath/amsopn.sty
Package: amsopn 1999/12/14 v2.01 operator names
)
\inf@bad=\count89
LaTeX Info: Redefining \frac on input line 211.
\uproot@=\count90
\leftroot@=\count91
LaTeX Info: Redefining \overline on input line 307.
\classnum@=\count92
\DOTSCASE@=\count93
LaTeX Info: Redefining \ldots on input line 379.
LaTeX Info: Redefining \dots on input line 382.
LaTeX Info: Redefining \cdots on input line 467.
\Mathstrutbox@=\box27
\strutbox@=\box28
\big@size=\dimen107
LaTeX Font Info:    Redeclaring font encoding OML on input line 567.
LaTeX Font Info:    Redeclaring font encoding OMS on input line 568.
\macc@depth=\count94
\c@MaxMatrixCols=\count95
\dotsspace@=\muskip10
\c@parentequation=\count96
\dspbrk@lvl=\count97
\tag@help=\toks17
\row@=\count98
\column@=\count99
\maxfields@=\count100
\andhelp@=\toks18
\eqnshift@=\dimen108
\alignsep@=\dimen109
\tagshift@=\dimen110
\tagwidth@=\dimen111
\totwidth@=\dimen112
\lineht@=\dimen113
\@envbody=\toks19
\multlinegap=\skip53
\multlinetaggap=\skip54
\mathdisplay@stack=\toks20
LaTeX Info: Redefining \[ on input line 2666.
LaTeX Info: Redefining \] on input line 2667.
)
(/usr/local/texlive/2012/texmf-dist/tex/latex/amsfonts/amsfonts.sty
Package: amsfonts 2009/06/22 v3.00 Basic AMSFonts support
\symAMSa=\mathgroup4
\symAMSb=\mathgroup5
LaTeX Font Info:    Overwriting math alphabet `\mathfrak' in version `bold'
(Font)                  U/euf/m/n --> U/euf/b/n on input line 96.
)
(/usr/local/texlive/2012/texmf-dist/tex/latex/amsfonts/amssymb.sty
Package: amssymb 2009/06/22 v3.00
)
(/usr/local/texlive/2012/texmf-dist/tex/latex/amsmath/amscd.sty
Package: amscd 1999/11/29 v1.2d
\athelp@=\toks21
\minaw@=\dimen114
\bigaw@=\dimen115
\minCDarrowwidth=\dimen116
)
(/usr/local/texlive/2012/texmf-dist/tex/latex/amscls/amsthm.sty
Package: amsthm 2009/07/02 v2.20.1
\thm@style=\toks22
\thm@bodyfont=\toks23
\thm@headfont=\toks24
\thm@notefont=\toks25
\thm@headpunct=\toks26
\thm@preskip=\skip55
\thm@postskip=\skip56
\thm@headsep=\skip57
\dth@everypar=\toks27
)
(/usr/local/texlive/2012/texmf-dist/tex/latex/tools/xspace.sty
Package: xspace 2009/10/20 v1.13 Space after command names (DPC,MH)
)
\c@example=\count101
\c@theorem=\count102

(/usr/local/texlive/2012/texmf-dist/tex/latex/caption/caption.sty
Package: caption 2012/02/19 v3.2f Customizing captions (AR)

(/usr/local/texlive/2012/texmf-dist/tex/latex/caption/caption3.sty
Package: caption3 2012/01/12 v1.4b caption3 kernel (AR)

(/usr/local/texlive/2012/texmf-dist/tex/latex/graphics/keyval.sty
Package: keyval 1999/03/16 v1.13 key=value parser (DPC)
\KV@toks@=\toks28
)
\captionmargin=\dimen117
\captionmargin@=\dimen118
\captionwidth=\dimen119
\caption@indent=\dimen120
\caption@parindent=\dimen121
\caption@hangindent=\dimen122
)
\c@ContinuedFloat=\count103
)
(/usr/local/texlive/2012/texmf-dist/tex/latex/graphics/graphicx.sty
Package: graphicx 1999/02/16 v1.0f Enhanced LaTeX Graphics (DPC,SPQR)
\Gin@req@height=\dimen123
\Gin@req@width=\dimen124
)
(/usr/local/texlive/2012/texmf-dist/tex/latex/oberdiek/epstopdf.sty
Package: epstopdf 2010/02/09 v2.5 Conversion with epstopdf on the fly (HO)

(/usr/local/texlive/2012/texmf-dist/tex/latex/oberdiek/epstopdf-base.sty
Package: epstopdf-base 2010/02/09 v2.5 Base part for package epstopdf

(/usr/local/texlive/2012/texmf-dist/tex/latex/oberdiek/grfext.sty
Package: grfext 2010/08/19 v1.1 Manage graphics extensions (HO)

(/usr/local/texlive/2012/texmf-dist/tex/generic/oberdiek/kvdefinekeys.sty
Package: kvdefinekeys 2011/04/07 v1.3 Define keys (HO)
))
(/usr/local/texlive/2012/texmf-dist/tex/latex/oberdiek/kvoptions.sty
Package: kvoptions 2011/06/30 v3.11 Key value format for package options (HO)

(/usr/local/texlive/2012/texmf-dist/tex/generic/oberdiek/kvsetkeys.sty
Package: kvsetkeys 2012/04/25 v1.16 Key value parser (HO)

(/usr/local/texlive/2012/texmf-dist/tex/generic/oberdiek/etexcmds.sty
Package: etexcmds 2011/02/16 v1.5 Avoid name clashes with e-TeX commands (HO)

(/usr/local/texlive/2012/texmf-dist/tex/generic/oberdiek/ifluatex.sty
Package: ifluatex 2010/03/01 v1.3 Provides the ifluatex switch (HO)
Package ifluatex Info: LuaTeX not detected.
)
Package etexcmds Info: Could not find \expanded.
(etexcmds)             That can mean that you are not using pdfTeX 1.50 or
(etexcmds)             that some package has redefined \expanded.
(etexcmds)             In the latter case, load this package earlier.
)))
(/usr/local/texlive/2012/texmf-dist/tex/generic/oberdiek/pdftexcmds.sty
Package: pdftexcmds 2011/11/29 v0.20 Utility functions of pdfTeX for LuaTeX (HO
)
Package pdftexcmds Info: LuaTeX not detected.
Package pdftexcmds Info: \pdf@primitive is available.
Package pdftexcmds Info: \pdf@ifprimitive is available.
Package pdftexcmds Info: \pdfdraftmode found.
)
Package grfext Info: Graphics extension search list:
(grfext)             [.png,.pdf,.jpg,.mps,.jpeg,.jbig2,.jb2,.PNG,.PDF,.JPG,.JPE
G,.JBIG2,.JB2,.eps]
(grfext)             \AppendGraphicsExtensions on input line 452.

(/usr/local/texlive/2012/texmf-dist/tex/latex/latexconfig/epstopdf-sys.cfg
File: epstopdf-sys.cfg 2010/07/13 v1.3 Configuration of (r)epstopdf for TeX Liv
e
)))
(/usr/local/texlive/2012/texmf-dist/tex/latex/booktabs/booktabs.sty
Package: booktabs 2005/04/14 v1.61803 publication quality tables
\heavyrulewidth=\dimen125
\lightrulewidth=\dimen126
\cmidrulewidth=\dimen127
\belowrulesep=\dimen128
\belowbottomsep=\dimen129
\aboverulesep=\dimen130
\abovetopsep=\dimen131
\cmidrulesep=\dimen132
\cmidrulekern=\dimen133
\defaultaddspace=\dimen134
\@cmidla=\count104
\@cmidlb=\count105
\@aboverulesep=\dimen135
\@belowrulesep=\dimen136
\@thisruleclass=\count106
\@lastruleclass=\count107
\@thisrulewidth=\dimen137
)
(/usr/local/texlive/2012/texmf-dist/tex/latex/rotating/rotating.sty
Package: rotating 2009/03/28 v2.16a rotated objects in LaTeX

(/usr/local/texlive/2012/texmf-dist/tex/latex/base/ifthen.sty
Package: ifthen 2001/05/26 v1.1c Standard LaTeX ifthen package (DPC)
)
\c@r@tfl@t=\count108
\rotFPtop=\skip58
\rotFPbot=\skip59
\rot@float@box=\box29
\rot@mess@toks=\toks29
)
(/usr/local/texlive/2012/texmf-dist/tex/latex/listings/listings.sty
\lst@mode=\count109
\lst@gtempboxa=\box30
\lst@token=\toks30
\lst@length=\count110
\lst@currlwidth=\dimen138
\lst@column=\count111
\lst@pos=\count112
\lst@lostspace=\dimen139
\lst@width=\dimen140
\lst@newlines=\count113
\lst@lineno=\count114
\lst@maxwidth=\dimen141

(./lstpatch.sty

***
*** This is a patch for listings 1.3, but you're using
*** version 1.4.
***
*** Patch file not loaded.
***

) (/usr/local/texlive/2012/texmf-dist/tex/latex/listings/lstmisc.sty
File: lstmisc.sty 2007/02/22 1.4 (Carsten Heinz)
\c@lstnumber=\count115
\lst@skipnumbers=\count116
\lst@framebox=\box31
)
(/usr/local/texlive/2012/texmf-dist/tex/latex/listings/listings.cfg
File: listings.cfg 2007/02/22 1.4 listings configuration
))
Package: listings 2007/02/22 1.4 (Carsten Heinz)

(./lstpatch.sty

***
*** This is a patch for listings 1.3, but you're using
*** version 1.4.
***
 *** Patch file not loaded.
***

) (/usr/local/texlive/2012/texmf-dist/tex/latex/hyperref/hyperref.sty
Package: hyperref 2012/05/13 v6.82q Hypertext links for LaTeX

(/usr/local/texlive/2012/texmf-dist/tex/generic/oberdiek/hobsub-hyperref.sty
Package: hobsub-hyperref 2012/05/28 v1.13 Bundle oberdiek, subset hyperref (HO)


(/usr/local/texlive/2012/texmf-dist/tex/generic/oberdiek/hobsub-generic.sty
Package: hobsub-generic 2012/05/28 v1.13 Bundle oberdiek, subset generic (HO)
Package: hobsub 2012/05/28 v1.13 Construct package bundles (HO)
Package hobsub Info: Skipping package `infwarerr' (already loaded).
Package hobsub Info: Skipping package `ltxcmds' (already loaded).
Package hobsub Info: Skipping package `ifluatex' (already loaded).
Package: ifvtex 2010/03/01 v1.5 Detect VTeX and its facilities (HO)
Package ifvtex Info: VTeX not detected.
Package: intcalc 2007/09/27 v1.1 Expandable calculations with integers (HO)
Package hobsub Info: Skipping package `ifpdf' (already loaded).
Package hobsub Info: Skipping package `etexcmds' (already loaded).
Package hobsub Info: Skipping package `kvsetkeys' (already loaded).
Package hobsub Info: Skipping package `kvdefinekeys' (already loaded).
Package hobsub Info: Skipping package `pdftexcmds' (already loaded).
Package: pdfescape 2011/11/25 v1.13 Implements pdfTeX's escape features (HO)
Package: bigintcalc 2012/04/08 v1.3 Expandable calculations on big integers (HO
)
Package: bitset 2011/01/30 v1.1 Handle bit-vector datatype (HO)
Package: uniquecounter 2011/01/30 v1.2 Provide unlimited unique counter (HO)
)
Package hobsub Info: Skipping package `hobsub' (already loaded).
Package: letltxmacro 2010/09/02 v1.4 Let assignment for LaTeX macros (HO)
Package: hopatch 2012/05/28 v1.2 Wrapper for package hooks (HO)
Package: xcolor-patch 2011/01/30 xcolor patch
Package: atveryend 2011/06/30 v1.8 Hooks at the very end of document (HO)
Package atveryend Info: \enddocument detected (standard20110627).
Package: atbegshi 2011/10/05 v1.16 At begin shipout hook (HO)
Package: refcount 2011/10/16 v3.4 Data extraction from label references (HO)
Package: hycolor 2011/01/30 v1.7 Color options for hyperref/bookmark (HO)
)
\@linkdim=\dimen142
\Hy@linkcounter=\count117
\Hy@pagecounter=\count118

(/usr/local/texlive/2012/texmf-dist/tex/latex/hyperref/pd1enc.def
File: pd1enc.def 2012/05/13 v6.82q Hyperref: PDFDocEncoding definition (HO)
Now handling font encoding PD1 ...
... no UTF-8 mapping file for font encoding PD1
)
\Hy@SavedSpaceFactor=\count119

(/usr/local/texlive/2012/texmf-dist/tex/latex/latexconfig/hyperref.cfg
File: hyperref.cfg 2002/06/06 v1.2 hyperref configuration of TeXLive
)
Package hyperref Info: Option `bookmarks' set `true' on input line 3941.
Package hyperref Info: Option `bookmarksopen' set `true' on input line 3941.
Package hyperref Info: Option `bookmarksnumbered' set `true' on input line 3941
.
Package hyperref Info: Option `hypertexnames' set `false' on input line 3941.
Package hyperref Info: Option `colorlinks' set `true' on input line 3941.
Package hyperref Info: Option `unicode' set `true' on input line 3941.

(/usr/local/texlive/2012/texmf-dist/tex/latex/hyperref/puenc.def
File: puenc.def 2012/05/13 v6.82q Hyperref: PDF Unicode definition (HO)
Now handling font encoding PU ...
... no UTF-8 mapping file for font encoding PU
)
Package hyperref Info: Option `breaklinks' set `true' on input line 3941.
Package hyperref Info: Hyper figures OFF on input line 4062.
Package hyperref Info: Link nesting OFF on input line 4067.
Package hyperref Info: Hyper index ON on input line 4070.
Package hyperref Info: Plain pages OFF on input line 4077.
Package hyperref Info: Backreferencing OFF on input line 4082.
Package hyperref Info: Implicit mode ON; LaTeX internals redefined.
Package hyperref Info: Bookmarks ON on input line 4300.
\c@Hy@tempcnt=\count120

(/usr/local/texlive/2012/texmf-dist/tex/latex/url/url.sty
\Urlmuskip=\muskip11
Package: url 2006/04/12  ver 3.3  Verb mode for urls, etc.
)
LaTeX Info: Redefining \url on input line 4653.
\Fld@menulength=\count121
\Field@Width=\dimen143
\Fld@charsize=\dimen144
Package hyperref Info: Hyper figures OFF on input line 5773.
Package hyperref Info: Link nesting OFF on input line 5778.
Package hyperref Info: Hyper index ON on input line 5781.
Package hyperref Info: backreferencing OFF on input line 5788.
Package hyperref Info: Link coloring ON on input line 5791.
Package hyperref Info: Link coloring with OCG OFF on input line 5798.
Package hyperref Info: PDF/A mode OFF on input line 5803.
LaTeX Info: Redefining \ref on input line 5843.
LaTeX Info: Redefining \pageref on input line 5847.
\Hy@abspage=\count122
\c@Item=\count123
\c@Hfootnote=\count124
)

Package hyperref Message: Driver (autodetected): hpdftex.

(/usr/local/texlive/2012/texmf-dist/tex/latex/hyperref/hpdftex.def
File: hpdftex.def 2012/05/13 v6.82q Hyperref driver for pdfTeX
\Fld@listcount=\count125
\c@bookmark@seq@number=\count126

(/usr/local/texlive/2012/texmf-dist/tex/latex/oberdiek/rerunfilecheck.sty
Package: rerunfilecheck 2011/04/15 v1.7 Rerun checks for auxiliary files (HO)
Package uniquecounter Info: New unique counter `rerunfilecheck' on input line 2
82.
)
\Hy@SectionHShift=\skip60
)
\c@dummy=\count127

(/usr/local/texlive/2012/texmf-dist/tex/latex/tools/longtable.sty
Package: longtable 2004/02/01 v4.11 Multi-page Table package (DPC)
\LTleft=\skip61
\LTright=\skip62
\LTpre=\skip63
\LTpost=\skip64
\LTchunksize=\count128
\LTcapwidth=\dimen145
\LT@head=\box32
\LT@firsthead=\box33
\LT@foot=\box34
\LT@lastfoot=\box35
\LT@cols=\count129
\LT@rows=\count130
\c@LT@tables=\count131
\c@LT@chunks=\count132
\LT@p@ftn=\toks31
))
(/usr/local/texlive/2012/texmf-dist/tex/latex/natbib/natbib.sty
Package: natbib 2010/09/13 8.31b (PWD, AO)
\bibhang=\skip65
\bibsep=\skip66
LaTeX Info: Redefining \cite on input line 694.
\c@NAT@ctr=\count133
)
Package hyperref Info: Option `colorlinks' set `true' on input line 33.
 (./main.aux

LaTeX Warning: Label `fig:pca' multiply defined.


LaTeX Warning: Label `inclass' multiply defined.

)
\openout1 = `main.aux'.

LaTeX Font Info:    Checking defaults for OML/cmm/m/it on input line 37.
LaTeX Font Info:    ... okay on input line 37.
LaTeX Font Info:    Checking defaults for T1/cmr/m/n on input line 37.
LaTeX Font Info:    ... okay on input line 37.
LaTeX Font Info:    Checking defaults for OT1/cmr/m/n on input line 37.
LaTeX Font Info:    ... okay on input line 37.
LaTeX Font Info:    Checking defaults for OMS/cmsy/m/n on input line 37.
LaTeX Font Info:    ... okay on input line 37.
LaTeX Font Info:    Checking defaults for OMX/cmex/m/n on input line 37.
LaTeX Font Info:    ... okay on input line 37.
LaTeX Font Info:    Checking defaults for U/cmr/m/n on input line 37.
LaTeX Font Info:    ... okay on input line 37.
LaTeX Font Info:    Checking defaults for PD1/pdf/m/n on input line 37.
LaTeX Font Info:    ... okay on input line 37.
LaTeX Font Info:    Checking defaults for PU/pdf/m/n on input line 37.
LaTeX Font Info:    ... okay on input line 37.
 (/usr/local/texlive/2012/texmf-dist/tex/context/base/supp-pdf.mkii
[Loading MPS to PDF converter (version 2006.09.02).]
\scratchcounter=\count134
\scratchdimen=\dimen146
\scratchbox=\box36
\nofMPsegments=\count135
\nofMParguments=\count136
\everyMPshowfont=\toks32
\MPscratchCnt=\count137
\MPscratchDim=\dimen147
\MPnumerator=\count138
\makeMPintoPDFobject=\count139
\everyMPtoPDFconversion=\toks33
)
Package caption Info: Begin \AtBeginDocument code.
Package caption Info: hyperref package is loaded.
Package caption Info: listings package is loaded.
Package caption Info: longtable package is loaded.
 (/usr/local/texlive/2012/texmf-dist/tex/latex/caption/ltcaption.sty
Package: ltcaption 2011/09/12 v1.3 longtable captions (AR)
)
Package caption Info: rotating package is loaded.
Package caption Info: End \AtBeginDocument code.
\c@lstlisting=\count140
\AtBeginShipoutBox=\box37

(/usr/local/texlive/2012/texmf-dist/tex/latex/graphics/color.sty
Package: color 2005/11/14 v1.0j Standard LaTeX Color (DPC)

(/usr/local/texlive/2012/texmf-dist/tex/latex/latexconfig/color.cfg
File: color.cfg 2007/01/18 v1.5 color configuration of teTeX/TeXLive
)
Package color Info: Driver file: pdftex.def on input line 130.
)
Package hyperref Info: Link coloring ON on input line 37.

(/usr/local/texlive/2012/texmf-dist/tex/latex/hyperref/nameref.sty
Package: nameref 2010/04/30 v2.40 Cross-referencing by name of section

(/usr/local/texlive/2012/texmf-dist/tex/generic/oberdiek/gettitlestring.sty
Package: gettitlestring 2010/12/03 v1.4 Cleanup title references (HO)
)
\c@section@level=\count141
)
LaTeX Info: Redefining \ref on input line 37.
LaTeX Info: Redefining \pageref on input line 37.
LaTeX Info: Redefining \nameref on input line 37.

(./main.out) (./main.out)
\@outlinefile=\write3
\openout3 = `main.out'.


<Figures/Untitled1.png, id=245, 220.825pt x 220.825pt>
File: Figures/Untitled1.png Graphic file (type png)

<use Figures/Untitled1.png>
Package pdftex.def Info: Figures/Untitled1.png used on input line 68.
(pdftex.def)             Requested size: 113.81102pt x 113.81206pt.
LaTeX Font Info:    Try loading font information for U+msa on input line 83.

(/usr/local/texlive/2012/texmf-dist/tex/latex/amsfonts/umsa.fd
File: umsa.fd 2009/06/22 v3.00 AMS symbols A
)
LaTeX Font Info:    Try loading font information for U+msb on input line 83.

(/usr/local/texlive/2012/texmf-dist/tex/latex/amsfonts/umsb.fd
File: umsb.fd 2009/06/22 v3.00 AMS symbols B
) [1



{/usr/local/texlive/2012/texmf-var/fonts/map/pdftex/updmap/pdftex.map} <./Figur
es/Untitled1.png>] [1

]
------------------------------------------------------------------------------
 Abstract Page
------------------------------------------------------------------------------
[2

]
------------------------------------------------------------------------------
 Acknowledgements
------------------------------------------------------------------------------
[3

]
------------------------------------------------------------------------------
 Table of Contents
------------------------------------------------------------------------------
(./main.toc [4


])
\tf@toc=\write4
\openout4 = `main.toc'.

 [5]
------------------------------------------------------------------------------
 List of Figures
------------------------------------------------------------------------------
(./main.lof)
\tf@lof=\write5
\openout5 = `main.lof'.

 [6


]
------------------------------------------------------------------------------
 List of Tables
------------------------------------------------------------------------------
(./main.lot)
\tf@lot=\write6
\openout6 = `main.lot'.

 [7


]
------------------------------------------------------------------------------
 0 Definitions
------------------------------------------------------------------------------

Overfull \hbox (29.29181pt too wide) in paragraph at lines 240--251
[][] 
 []

[8



]
------------------------------------------------------------------------------
 Dedicatory
------------------------------------------------------------------------------
[9

] (./Chapters/Chapter1.tex
Chapter 1.
------------------------------------------------------------------------------
 1 Introduction
------------------------------------------------------------------------------
[1



] [2] <Figures/Example1.png, id=524, 352.31625pt x 381.425pt>
File: Figures/Example1.png Graphic file (type png)

<use Figures/Example1.png>
Package pdftex.def Info: Figures/Example1.png used on input line 34.
(pdftex.def)             Requested size: 113.81102pt x 123.21086pt.
 [3 <./Figures/Example1.png>] [4

])
(./Chapters/Chapter2.tex [5

]
Chapter 2.
------------------------------------------------------------------------------
 2 Problem Definition
------------------------------------------------------------------------------
[6

] [7] <Figures/Oneclass.pdf, id=561, 152.10265pt x 100.1626pt>
File: Figures/Oneclass.pdf Graphic file (type pdf)

<use Figures/Oneclass.pdf>
Package pdftex.def Info: Figures/Oneclass.pdf used on input line 43.
(pdftex.def)             Requested size: 227.62204pt x 149.90115pt.
 [8 <./Figures/Oneclass.pdf>]
<Figures/Outliers.pdf, id=629, 198.85924pt x 173.75586pt>
File: Figures/Outliers.pdf Graphic file (type pdf)

<use Figures/Outliers.pdf>
Package pdftex.def Info: Figures/Outliers.pdf used on input line 80.
(pdftex.def)             Requested size: 227.62204pt x 198.90031pt.


LaTeX Warning: `h' float specifier changed to `ht'.

[9] <Figures/Noise.png, id=644, 362.35374pt x 424.58624pt>
File: Figures/Noise.png Graphic file (type png)

<use Figures/Noise.png>
Package pdftex.def Info: Figures/Noise.png used on input line 95.
(pdftex.def)             Requested size: 142.26378pt x 166.69582pt.
 <Figures/Normal.png, id=645, 387.4475pt x 425.59pt>
File: Figures/Normal.png Graphic file (type png)

<use Figures/Normal.png>
Package pdftex.def Info: Figures/Normal.png used on input line 99.
(pdftex.def)             Requested size: 142.26378pt x 156.27094pt.
 [10 <./Figures/Outliers.pdf> <./Figures/Noise.png> <./Figures/Normal.png>]
LaTeX Font Info:    Try loading font information for OMS+cmr on input line 115.


(/usr/local/texlive/2012/texmf-dist/tex/latex/base/omscmr.fd
File: omscmr.fd 1999/05/25 v2.5h Standard LaTeX font definitions
)
LaTeX Font Info:    Font shape `OMS/cmr/m/n' in size <10.95> not available
(Font)              Font shape `OMS/cmsy/m/n' tried instead on input line 115.
 [11] [12])
(./Chapters/Chapter3.tex [13]
Chapter 3.
------------------------------------------------------------------------------
 3 Description of the proposed solution
------------------------------------------------------------------------------
<Figures/Esquema.pdf, id=708, 573.14125pt x 455.7025pt>
File: Figures/Esquema.pdf Graphic file (type pdf)

<use Figures/Esquema.pdf>
Package pdftex.def Info: Figures/Esquema.pdf used on input line 16.
(pdftex.def)             Requested size: 284.52756pt x 226.23053pt.
 [14

 <./Figures/Esquema.pdf>] [15]
<Figures/Esquema_strange.png, id=739, 573.1011pt x 455.59007pt>
File: Figures/Esquema_strange.png Graphic file (type png)

<use Figures/Esquema_strange.png>
Package pdftex.def Info: Figures/Esquema_strange.png used on input line 36.
(pdftex.def)             Requested size: 256.0748pt x 203.56767pt.
 [16 <./Figures/Esquema_strange.png>]
<Figures/Normal_d.png, id=751, 727.71875pt x 438.63875pt>
File: Figures/Normal_d.png Graphic file (type png)

<use Figures/Normal_d.png>
Package pdftex.def Info: Figures/Normal_d.png used on input line 76.
(pdftex.def)             Requested size: 426.79134pt x 257.26189pt.

Overfull \hbox (9.31827pt too wide) in paragraph at lines 76--78
 [][] 
 []


LaTeX Warning: `h' float specifier changed to `ht'.

[17] <Figures/Normal_d_sigma.png, id=770, 1858.945pt x 1151.30125pt>
File: Figures/Normal_d_sigma.png Graphic file (type png)

<use Figures/Normal_d_sigma.png>
Package pdftex.def Info: Figures/Normal_d_sigma.png used on input line 102.
(pdftex.def)             Requested size: 426.79134pt x 264.3194pt.

Overfull \hbox (9.31827pt too wide) in paragraph at lines 102--104
 [][] 
 []


LaTeX Warning: `h' float specifier changed to `ht'.

[18 <./Figures/Normal_d.png>] [19 <./Figures/Normal_d_sigma.png>]
<Figures/Esquema_interest.png, id=789, 573.1011pt x 455.59007pt>
File: Figures/Esquema_interest.png Graphic file (type png)

<use Figures/Esquema_interest.png>
Package pdftex.def Info: Figures/Esquema_interest.png used on input line 157.
(pdftex.def)             Requested size: 256.0748pt x 203.56767pt.
 [20 <./Figures/Esquema_interest.png>]
[21] <Figures/one_class/a.pdf, id=805, 365.03568pt x 360.08633pt>
File: Figures/one_class/a.pdf Graphic file (type pdf)

<use Figures/one_class/a.pdf>
Package pdftex.def Info: Figures/one_class/a.pdf used on input line 177.
(pdftex.def)             Requested size: 170.71652pt x 168.39993pt.

<Figures/one_class/b.pdf, id=806, 359.19014pt x 361.34102pt>
File: Figures/one_class/b.pdf Graphic file (type pdf)

<use Figures/one_class/b.pdf>
Package pdftex.def Info: Figures/one_class/b.pdf used on input line 181.
(pdftex.def)             Requested size: 170.71652pt x 171.738pt.

<Figures/one_class/c.pdf, id=807, 364.11926pt x 360.86829pt>
File: Figures/one_class/c.pdf Graphic file (type pdf)

<use Figures/one_class/c.pdf>
Package pdftex.def Info: Figures/one_class/c.pdf used on input line 185.
(pdftex.def)             Requested size: 170.71652pt x 169.19513pt.
 [22 <./Figures/one_class/a.pdf> <./Figures/one_class/b.pdf> <./Figures/one_cla
ss/c.pdf>] [23]
<Figures/Esquema_learn.png, id=846, 573.1011pt x 455.59007pt>
File: Figures/Esquema_learn.png Graphic file (type png)

<use Figures/Esquema_learn.png>
Package pdftex.def Info: Figures/Esquema_learn.png used on input line 264.
(pdftex.def)             Requested size: 256.0748pt x 203.56767pt.


LaTeX Warning: `h' float specifier changed to `ht'.

[24] <Figures/architecture.pdf, id=855, 553.06625pt x 523.9575pt>
File: Figures/architecture.pdf Graphic file (type pdf)

<use Figures/architecture.pdf>
Package pdftex.def Info: Figures/architecture.pdf used on input line 278.
(pdftex.def)             Requested size: 398.33858pt x 377.36903pt.


LaTeX Warning: `h' float specifier changed to `ht'.

[25 <./Figures/Esquema_learn.png>] [26 <./Figures/architecture.pdf>] [27])
(./Chapters/Chapter4.tex [28]
Chapter 4.
------------------------------------------------------------------------------
 4 Experiments
------------------------------------------------------------------------------
<Figures/Scenario.png, id=1042, 360.91638pt x 284.16563pt>
File: Figures/Scenario.png Graphic file (type png)

<use Figures/Scenario.png>
Package pdftex.def Info: Figures/Scenario.png used on input line 16.
(pdftex.def)             Requested size: 199.16928pt x 156.81622pt.

<Figures/Skeleton.pdf, id=1046, 276.7171pt x 229.33008pt>
File: Figures/Skeleton.pdf Graphic file (type pdf)

<use Figures/Skeleton.pdf>
Package pdftex.def Info: Figures/Skeleton.pdf used on input line 24.
(pdftex.def)             Requested size: 227.62204pt x 188.65025pt.
 [29

 <./Figures/Scenario.png>] [30 <./Figures/Skeleton.pdf>] <Figures/Set3.png, id=
1107, 481.75182pt x 200.62152pt>
File: Figures/Set3.png Graphic file (type png)

<use Figures/Set3.png>
Package pdftex.def Info: Figures/Set3.png used on input line 55.
(pdftex.def)             Requested size: 369.88582pt x 154.03516pt.
 <Figures/Poses.pdf, id=1111, 221.77655pt x 208.33737pt>
File: Figures/Poses.pdf Graphic file (type pdf)

<use Figures/Poses.pdf>
Package pdftex.def Info: Figures/Poses.pdf used on input line 63.
(pdftex.def)             Requested size: 241.84842pt x 227.20084pt.
 [31 <./Figures/Set3.png> <./Figures/Poses.pdf>]
<Figures/exp03.pdf, id=1406, 433.62pt x 289.08pt>
File: Figures/exp03.pdf Graphic file (type pdf)
 <use Figures/exp03.pdf>
Package pdftex.def Info: Figures/exp03.pdf used on input line 77.
(pdftex.def)             Requested size: 398.33858pt x 265.57306pt.

[32 <./Figures/exp03.pdf>]
<Figures/origin_poses.png, id=1453, 990.70125pt x 882.29625pt>
File: Figures/origin_poses.png Graphic file (type png)

<use Figures/origin_poses.png>
Package pdftex.def Info: Figures/origin_poses.png used on input line 85.
(pdftex.def)             Requested size: 128.0374pt x 114.01593pt.

<Figures/origin_poses_mod.png, id=1455, 1065.9825pt x 966.61125pt>
File: Figures/origin_poses_mod.png Graphic file (type png)

<use Figures/origin_poses_mod.png>
Package pdftex.def Info: Figures/origin_poses_mod.png used on input line 93.
(pdftex.def)             Requested size: 128.0374pt x 116.09158pt.
 [33 <./Figures/origin_poses.png> <./Figures/origin_poses_mod.png>]
<Figures/exp03_centered.pdf, id=1463, 433.62pt x 289.08pt>
File: Figures/exp03_centered.pdf Graphic file (type pdf)

<use Figures/exp03_centered.pdf>
Package pdftex.def Info: Figures/exp03_centered.pdf used on input line 101.
(pdftex.def)             Requested size: 398.33858pt x 265.57306pt.
 [34 <./Figures/exp03_centered.pdf>] [35]
Overfull \hbox (19.48807pt too wide) in paragraph at lines 144--153
 [][] 
 []

<Figures/results_imp/right_vs_left1.pdf, id=1538, 1084.05pt x 361.35pt>
File: Figures/results_imp/right_vs_left1.pdf Graphic file (type pdf)

<use Figures/results_imp/right_vs_left1.pdf>
Package pdftex.def Info: Figures/results_imp/right_vs_left1.pdf used on input l
ine 179.
(pdftex.def)             Requested size: 426.79134pt x 142.26578pt.

<Figures/results_imp/right_vs_left2.pdf, id=1539, 1084.05pt x 361.35pt>
File: Figures/results_imp/right_vs_left2.pdf Graphic file (type pdf)

<use Figures/results_imp/right_vs_left2.pdf>
Package pdftex.def Info: Figures/results_imp/right_vs_left2.pdf used on input l
ine 180.
(pdftex.def)             Requested size: 426.79134pt x 142.26578pt.

<Figures/results_imp/right_vs_left3.pdf, id=1540, 1084.05pt x 361.35pt>
File: Figures/results_imp/right_vs_left3.pdf Graphic file (type pdf)

<use Figures/results_imp/right_vs_left3.pdf>
Package pdftex.def Info: Figures/results_imp/right_vs_left3.pdf used on input l
ine 181.
(pdftex.def)             Requested size: 426.79134pt x 142.26578pt.

Overfull \hbox (9.31827pt too wide) in paragraph at lines 179--183
 [][] 
 []


Overfull \hbox (9.31827pt too wide) in paragraph at lines 179--183
 [] 
 []


Overfull \hbox (9.31827pt too wide) in paragraph at lines 179--183
 [] 
 []


LaTeX Warning: `h' float specifier changed to `ht'.

[36] [37 <./Figures/results_imp/right_vs_left1.pdf> <./Figures/results_imp/righ
t_vs_left2.pdf

pdfTeX warning: /usr/texbin/pdflatex (file ./Figures/results_imp/right_vs_left2
.pdf): PDF inclusion: multiple pdfs with page group included in a single page
> <./Figures/results_imp/right_vs_left3.pdf

pdfTeX warning: /usr/texbin/pdflatex (file ./Figures/results_imp/right_vs_left3
.pdf): PDF inclusion: multiple pdfs with page group included in a single page
>]
File: Figures/Esquema_interest.png Graphic file (type png)
 <use Figures/Esquema_interest.png>
Package pdftex.def Info: Figures/Esquema_interest.png used on input line 215.
(pdftex.def)             Requested size: 312.9803pt x 248.80261pt.


LaTeX Warning: `h' float specifier changed to `ht'.

[38] <Figures/results_imp/Chart.pdf, id=1806, 704.6325pt x 408.52625pt>
File: Figures/results_imp/Chart.pdf Graphic file (type pdf)

<use Figures/results_imp/Chart.pdf>
Package pdftex.def Info: Figures/results_imp/Chart.pdf used on input line 227.
(pdftex.def)             Requested size: 398.33858pt x 230.94243pt.


LaTeX Warning: `h' float specifier changed to `ht'.

[39]

LaTeX Warning: Reference `3.4' on page 40 undefined on input line 253.

[40 <./Figures/results_imp/Chart.pdf>]
File: Figures/Esquema_strange.png Graphic file (type png)
 <use Figures/Esquema_strange.png>
Package pdftex.def Info: Figures/Esquema_strange.png used on input line 262.
(pdftex.def)             Requested size: 312.9803pt x 248.80261pt.

[41] [42]
Overfull \hbox (2.43924pt too wide) in paragraph at lines 331--331
[]\OT1/cmr/m/n/9 Mean| 
 []


Overfull \hbox (2.43924pt too wide) in paragraph at lines 331--331
[]\OT1/cmr/m/n/9 Mean| 
 []


Overfull \hbox (2.43924pt too wide) in paragraph at lines 331--331
[]\OT1/cmr/m/n/9 Mean| 
 []


Overfull \hbox (2.43924pt too wide) in paragraph at lines 331--331
[]\OT1/cmr/m/n/9 Mean| 
 []

[43]
Overfull \hbox (2.43924pt too wide) in paragraph at lines 389--389
[]\OT1/cmr/m/n/9 Mean| 
 []


Overfull \hbox (2.43924pt too wide) in paragraph at lines 389--389
[]\OT1/cmr/m/n/9 Mean| 
 []


Overfull \hbox (2.43924pt too wide) in paragraph at lines 389--389
[]\OT1/cmr/m/n/9 Mean| 
 []


Overfull \hbox (2.43924pt too wide) in paragraph at lines 389--389
[]\OT1/cmr/m/n/9 Mean| 
 []


Overfull \hbox (2.59537pt too wide) in paragraph at lines 393--393
[]\OT1/cmr/m/n/9 FORWA.| 
 []


Overfull \hbox (3.8862pt too wide) in paragraph at lines 394--394
[]\OT1/cmr/bx/n/9 Average| 
 []

[44] [45]
Overfull \hbox (2.43924pt too wide) in paragraph at lines 450--450
[]\OT1/cmr/m/n/9 Mean| 
 []


Overfull \hbox (2.43924pt too wide) in paragraph at lines 450--450
[]\OT1/cmr/m/n/9 Mean| 
 []


Overfull \hbox (2.43924pt too wide) in paragraph at lines 450--450
[]\OT1/cmr/m/n/9 Mean| 
 []


Overfull \hbox (2.43924pt too wide) in paragraph at lines 450--450
[]\OT1/cmr/m/n/9 Mean| 
 []

[46] <Figures/results_two/two_classes.pdf, id=1905, 1084.05pt x 361.35pt>
File: Figures/results_two/two_classes.pdf Graphic file (type pdf)

<use Figures/results_two/two_classes.pdf>
Package pdftex.def Info: Figures/results_two/two_classes.pdf used on input line
 477.
(pdftex.def)             Requested size: 426.79134pt x 142.26578pt.

Overfull \hbox (9.31827pt too wide) in paragraph at lines 477--479
 [][] 
 []


LaTeX Warning: `h' float specifier changed to `ht'.


Underfull \hbox (badness 10000) in paragraph at lines 488--488
[]\OT1/cmr/m/n/9 New
 []


Overfull \hbox (2.43924pt too wide) in paragraph at lines 488--488
[]\OT1/cmr/m/n/9 Mean| 
 []


Overfull \hbox (2.43924pt too wide) in paragraph at lines 488--488
[]\OT1/cmr/m/n/9 Mean| 
 []


Overfull \hbox (2.43924pt too wide) in paragraph at lines 488--488
[]\OT1/cmr/m/n/9 Mean| 
 []


Overfull \hbox (2.43924pt too wide) in paragraph at lines 488--488
[]\OT1/cmr/m/n/9 Mean| 
 []


Overfull \hbox (2.59537pt too wide) in paragraph at lines 492--492
[]\OT1/cmr/m/n/9 FORWA.| 
 []

[47] [48 <./Figures/results_two/two_classes.pdf>] [49])
(./Chapters/Chapter5.tex [50]
Chapter 5.
------------------------------------------------------------------------------
 5 State of the Art
------------------------------------------------------------------------------
[51

]) (./Chapters/Chapter6.tex [52]
Chapter 6.
------------------------------------------------------------------------------
 6 Conclusions
------------------------------------------------------------------------------
[53

]) (./Chapters/Chapter7.tex [54]
Chapter 7.
------------------------------------------------------------------------------
 7 Epilogue. Socioeconomic State of Artificial Intelligence
------------------------------------------------------------------------------
[55

]) (./Appendices/AppendixA.tex [56]
Appendix A.
------------------------------------------------------------------------------
 A Extension of the Results Section
------------------------------------------------------------------------------
<Figures/right1.png, id=2055, 94.52916pt x 89.18118pt>
File: Figures/right1.png Graphic file (type png)

<use Figures/right1.png>
Package pdftex.def Info: Figures/right1.png used on input line 24.
(pdftex.def)             Requested size: 99.58464pt x 93.95596pt.

Overfull \hbox (88.63461pt too wide) in paragraph at lines 24--24
[][] 
 []

<Figures/right2.png, id=2056, 94.52916pt x 89.03664pt>
File: Figures/right2.png Graphic file (type png)

<use Figures/right2.png>
Package pdftex.def Info: Figures/right2.png used on input line 28.
(pdftex.def)             Requested size: 99.58464pt x 93.80368pt.

Overfull \hbox (88.63461pt too wide) in paragraph at lines 28--28
[][] 
 []

<Figures/right4.png, id=2057, 98.2872pt x 99.29898pt>
File: Figures/right4.png Graphic file (type png)
 <use Figures/right4.png>
Package pdftex.def Info: Figures/right4.png used on input line 32.
(pdftex.def)             Requested size: 99.58464pt x 100.6154pt.

Overfull \hbox (88.63461pt too wide) in paragraph at lines 32--32
[][] 
 []


LaTeX Warning: `h' float specifier changed to `ht'.

<Figures/left1.pdf, id=2058, 102.42557pt x 90.36621pt>
File: Figures/left1.pdf Graphic file (type pdf)
 <use Figures/left1.pdf>
Package pdftex.def Info: Figures/left1.pdf used on input line 47.
(pdftex.def)             Requested size: 99.58464pt x 87.86194pt.

Overfull \hbox (88.63461pt too wide) in paragraph at lines 47--47
[][] 
 []

<Figures/left2.pdf, id=2059, 100.25836pt x 91.42105pt>
File: Figures/left2.pdf Graphic file (type pdf)
 <use Figures/left2.pdf>
Package pdftex.def Info: Figures/left2.pdf used on input line 52.
(pdftex.def)             Requested size: 99.58464pt x 90.80562pt.

Overfull \hbox (88.63461pt too wide) in paragraph at lines 52--52
[][] 
 []

<Figures/left3.pdf, id=2060, 101.85222pt x 91.01111pt>
File: Figures/left3.pdf Graphic file (type pdf)
 <use Figures/left3.pdf>
Package pdftex.def Info: Figures/left3.pdf used on input line 57.
(pdftex.def)             Requested size: 99.58464pt x 88.98474pt.

Overfull \hbox (88.63461pt too wide) in paragraph at lines 57--57
[][] 
 []

<Figures/left4.pdf, id=2061, 98.99815pt x 91.72578pt>
File: Figures/left4.pdf Graphic file (type pdf)
 <use Figures/left4.pdf>
Package pdftex.def Info: Figures/left4.pdf used on input line 61.
(pdftex.def)             Requested size: 99.58464pt x 92.2742pt.

Overfull \hbox (88.63461pt too wide) in paragraph at lines 61--61
[][] 
 []


LaTeX Warning: `h' float specifier changed to `ht'.

<Figures/forward1.png, id=2062, 91.49382pt x 90.04842pt>
File: Figures/forward1.png Graphic file (type png)

<use Figures/forward1.png>
Package pdftex.def Info: Figures/forward1.png used on input line 77.
(pdftex.def)             Requested size: 99.58464pt x 98.01204pt.

Overfull \hbox (88.63461pt too wide) in paragraph at lines 77--77
[][] 
 []

<Figures/forward2.png, id=2063, 91.49382pt x 89.90388pt>
File: Figures/forward2.png Graphic file (type png)

<use Figures/forward2.png>
Package pdftex.def Info: Figures/forward2.png used on input line 84.
(pdftex.def)             Requested size: 99.58464pt x 97.85472pt.

Overfull \hbox (88.63461pt too wide) in paragraph at lines 84--84
[][] 
 []

<Figures/forward3.png, id=2064, 91.49382pt x 90.04842pt>
File: Figures/forward3.png Graphic file (type png)

<use Figures/forward3.png>
Package pdftex.def Info: Figures/forward3.png used on input line 88.
(pdftex.def)             Requested size: 99.58464pt x 98.01204pt.

Overfull \hbox (88.63461pt too wide) in paragraph at lines 88--88
[][] 
 []

<Figures/forward4.png, id=2065, 91.49382pt x 90.04842pt>
File: Figures/forward4.png Graphic file (type png)

<use Figures/forward4.png>
Package pdftex.def Info: Figures/forward4.png used on input line 92.
(pdftex.def)             Requested size: 99.58464pt x 98.01204pt.

Overfull \hbox (88.63461pt too wide) in paragraph at lines 92--92
[][] 
 []


LaTeX Warning: `h' float specifier changed to `ht'.

[57

] [58 <./Figures/right1.png> <./Figures/right2.png> <./Figures/right4.png>]
[59 <./Figures/left1.pdf> <./Figures/left2.pdf> <./Figures/left3.pdf> <./Figure
s/left4.pdf>] [60 <./Figures/forward1.png> <./Figures/forward2.png> <./Figures/
forward3.png> <./Figures/forward4.png>]
Overfull \hbox (2.43924pt too wide) in paragraph at lines 144--144
[]\OT1/cmr/m/n/9 Mean| 
 []


Overfull \hbox (2.43924pt too wide) in paragraph at lines 144--144
[]\OT1/cmr/m/n/9 Mean| 
 []


Overfull \hbox (2.43924pt too wide) in paragraph at lines 144--144
[]\OT1/cmr/m/n/9 Mean| 
 []


Overfull \hbox (2.43924pt too wide) in paragraph at lines 144--144
[]\OT1/cmr/m/n/9 Mean| 
 []


Overfull \hbox (2.5461pt too wide) in paragraph at lines 146--146
[]\OT1/cmr/m/n/9 Precision| 
 []


Overfull \hbox (3.38985pt too wide) in paragraph at lines 149--149
[]\OT1/cmr/m/n/9 Accuracy| 
 []


Overfull \hbox (2.43924pt too wide) in paragraph at lines 165--165
[]\OT1/cmr/m/n/9 Mean| 
 []


Overfull \hbox (2.43924pt too wide) in paragraph at lines 165--165
[]\OT1/cmr/m/n/9 Mean| 
 []


Overfull \hbox (2.43924pt too wide) in paragraph at lines 165--165
[]\OT1/cmr/m/n/9 Mean| 
 []


Overfull \hbox (2.43924pt too wide) in paragraph at lines 165--165
[]\OT1/cmr/m/n/9 Mean| 
 []


Overfull \hbox (2.5461pt too wide) in paragraph at lines 167--167
[]\OT1/cmr/m/n/9 Precision| 
 []


Overfull \hbox (3.38985pt too wide) in paragraph at lines 170--170
[]\OT1/cmr/m/n/9 Accuracy| 
 []


Overfull \hbox (2.43924pt too wide) in paragraph at lines 184--184
[]\OT1/cmr/m/n/9 Mean| 
 []


Overfull \hbox (2.43924pt too wide) in paragraph at lines 184--184
[]\OT1/cmr/m/n/9 Mean| 
 []


Overfull \hbox (2.43924pt too wide) in paragraph at lines 184--184
[]\OT1/cmr/m/n/9 Mean| 
 []


Overfull \hbox (2.43924pt too wide) in paragraph at lines 184--184
[]\OT1/cmr/m/n/9 Mean| 
 []


Overfull \hbox (2.5461pt too wide) in paragraph at lines 186--186
[]\OT1/cmr/m/n/9 Precision| 
 []


Overfull \hbox (3.38985pt too wide) in paragraph at lines 189--189
[]\OT1/cmr/m/n/9 Accuracy| 
 []

[61

] [62]
Overfull \hbox (2.43924pt too wide) in paragraph at lines 208--208
[]\OT1/cmr/m/n/9 Mean| 
 []


Overfull \hbox (2.43924pt too wide) in paragraph at lines 208--208
[]\OT1/cmr/m/n/9 Mean| 
 []


Overfull \hbox (2.43924pt too wide) in paragraph at lines 208--208
[]\OT1/cmr/m/n/9 Mean| 
 []


Overfull \hbox (2.43924pt too wide) in paragraph at lines 208--208
[]\OT1/cmr/m/n/9 Mean| 
 []


Overfull \hbox (2.5461pt too wide) in paragraph at lines 210--210
[]\OT1/cmr/m/n/9 Precision| 
 []


Overfull \hbox (3.38985pt too wide) in paragraph at lines 213--213
[]\OT1/cmr/m/n/9 Accuracy| 
 []


Overfull \hbox (2.43924pt too wide) in paragraph at lines 226--226
[]\OT1/cmr/m/n/9 Mean| 
 []


Overfull \hbox (2.43924pt too wide) in paragraph at lines 226--226
[]\OT1/cmr/m/n/9 Mean| 
 []


Overfull \hbox (2.43924pt too wide) in paragraph at lines 226--226
[]\OT1/cmr/m/n/9 Mean| 
 []


Overfull \hbox (2.43924pt too wide) in paragraph at lines 226--226
[]\OT1/cmr/m/n/9 Mean| 
 []


Overfull \hbox (2.5461pt too wide) in paragraph at lines 228--228
[]\OT1/cmr/m/n/9 Precision| 
 []


Overfull \hbox (3.38985pt too wide) in paragraph at lines 231--231
[]\OT1/cmr/m/n/9 Accuracy| 
 []


Overfull \hbox (2.43924pt too wide) in paragraph at lines 245--245
[]\OT1/cmr/m/n/9 Mean| 
 []


Overfull \hbox (2.43924pt too wide) in paragraph at lines 245--245
[]\OT1/cmr/m/n/9 Mean| 
 []


Overfull \hbox (2.43924pt too wide) in paragraph at lines 245--245
[]\OT1/cmr/m/n/9 Mean| 
 []


Overfull \hbox (2.43924pt too wide) in paragraph at lines 245--245
[]\OT1/cmr/m/n/9 Mean| 
 []


Overfull \hbox (2.5461pt too wide) in paragraph at lines 247--247
[]\OT1/cmr/m/n/9 Precision| 
 []


Overfull \hbox (3.38985pt too wide) in paragraph at lines 250--250
[]\OT1/cmr/m/n/9 Accuracy| 
 []

) (./Appendices/AppendixB.tex [63

]
Appendix B.
------------------------------------------------------------------------------
 B Regulatory Framework
------------------------------------------------------------------------------
[64

]) (./Appendices/AppendixC.tex [65]
Appendix C.
------------------------------------------------------------------------------
 C Project Planning and Budget
------------------------------------------------------------------------------
[66

] [67] <Figures/Gantt.pdf, id=12749, 810.86636pt x 333.81764pt>
File: Figures/Gantt.pdf Graphic file (type pdf)

<use Figures/Gantt.pdf>
Package pdftex.def Info: Figures/Gantt.pdf used on input line 38.
(pdftex.def)             Requested size: 682.86613pt x 281.13838pt.
 [68

 <./Figures/Gantt.pdf>]) [69

]
------------------------------------------------------------------------------
 Bibliography
------------------------------------------------------------------------------
(./main.bbl
Underfull \hbox (badness 10000) in paragraph at lines 37--43
\OT1/cmtt/m/n/10.95 / / portal . acm . org / citation . cfm ? id = 1541882$ \ d
elimiter"026E30F$nhttp :
 []


Underfull \hbox (badness 10000) in paragraph at lines 37--43
\OT1/cmtt/m/n/10.95 / / dl . acm . org / citation . cfm ? id = 1541882$ \ delim
iter"026E30F$nhttp :
 []

[70


]
Underfull \hbox (badness 10000) in paragraph at lines 104--115
[][]$\OT1/cmtt/m/n/10.95 http : / / ieeexplore . ieee . org / xpl / freeabs _ a
ll . jsp ? arnumber = 4018870http :
 []


Underfull \hbox (badness 10000) in paragraph at lines 104--115
\OT1/cmtt/m/n/10.95 / / roboticslab . uc3m . es / publications / 2006CISRAMMagg
ie . pdfhttp :
 []


Underfull \hbox (badness 10000) in paragraph at lines 144--150
\OT1/cmr/m/n/10.95 URL [][]$\OT1/cmtt/m/n/10.95 https : / / github . com / UC3M
SocialRobots / novelty-[]detection-[]in-[]hri$[][]\OT1/cmr/m/n/10.95 .
 []


Underfull \hbox (badness 10000) in paragraph at lines 152--157
\OT1/cmr/m/n/10.95 note-book, June 2014.  URL [][]$\OT1/cmtt/m/n/10.95 http : /
 / nbviewer . ipython . org / github /
 []


Underfull \hbox (badness 10000) in paragraph at lines 152--157
\OT1/cmtt/m/n/10.95 UC3MSocialRobots / novelty-[]detection-[]in-[]hri / blob / 
master / Novelty %
 []

[71] [72])
Package atveryend Info: Empty hook `BeforeClearDocument' on input line 346.
 [73]
Package atveryend Info: Empty hook `AfterLastShipout' on input line 346.
 (./main.aux)
Package atveryend Info: Executing hook `AtVeryEndDocument' on input line 346.
Package atveryend Info: Executing hook `AtEndAfterFileList' on input line 346.
Package rerunfilecheck Info: File `main.out' has not changed.
(rerunfilecheck)             Checksum: 40958D3473E120FED053A2EE166952C8;13507.


LaTeX Warning: There were undefined references.


LaTeX Warning: There were multiply-defined labels.

Package atveryend Info: Empty hook `AtVeryVeryEnd' on input line 346.
 ) 
Here is how much of TeX's memory you used:
 11645 strings out of 493488
 164632 string characters out of 3141326
 278552 words of memory out of 3000000
 14409 multiletter control sequences out of 15000+200000
 18443 words of font info for 69 fonts, out of 3000000 for 9000
 957 hyphenation exceptions out of 8191
 49i,16n,45p,1217b,486s stack positions out of 5000i,500n,10000p,200000b,50000s
</usr/local/texlive/2012/texmf-dist/fonts/type1/public/amsfonts/cm/cmbx10.pfb
></usr/local/texlive/2012/texmf-dist/fonts/type1/public/amsfonts/cm/cmbx12.pfb>
</usr/local/texlive/2012/texmf-dist/fonts/type1/public/amsfonts/cm/cmbx9.pfb></
usr/local/texlive/2012/texmf-dist/fonts/type1/public/amsfonts/cm/cmcsc10.pfb></
usr/local/texlive/2012/texmf-dist/fonts/type1/public/amsfonts/cm/cmmi10.pfb></u
sr/local/texlive/2012/texmf-dist/fonts/type1/public/amsfonts/cm/cmmi12.pfb></us
r/local/texlive/2012/texmf-dist/fonts/type1/public/amsfonts/cm/cmmi7.pfb></usr/
local/texlive/2012/texmf-dist/fonts/type1/public/amsfonts/cm/cmmi8.pfb></usr/lo
cal/texlive/2012/texmf-dist/fonts/type1/public/amsfonts/cm/cmmi9.pfb></usr/loca
l/texlive/2012/texmf-dist/fonts/type1/public/amsfonts/cm/cmr10.pfb></usr/local/
texlive/2012/texmf-dist/fonts/type1/public/amsfonts/cm/cmr12.pfb></usr/local/te
xlive/2012/texmf-dist/fonts/type1/public/amsfonts/cm/cmr17.pfb></usr/local/texl
ive/2012/texmf-dist/fonts/type1/public/amsfonts/cm/cmr6.pfb></usr/local/texlive
/2012/texmf-dist/fonts/type1/public/amsfonts/cm/cmr7.pfb></usr/local/texlive/20
12/texmf-dist/fonts/type1/public/amsfonts/cm/cmr8.pfb></usr/local/texlive/2012/
texmf-dist/fonts/type1/public/amsfonts/cm/cmr9.pfb></usr/local/texlive/2012/tex
mf-dist/fonts/type1/public/amsfonts/cm/cmsl12.pfb></usr/local/texlive/2012/texm
f-dist/fonts/type1/public/amsfonts/cm/cmss10.pfb></usr/local/texlive/2012/texmf
-dist/fonts/type1/public/amsfonts/cm/cmss9.pfb></usr/local/texlive/2012/texmf-d
ist/fonts/type1/public/amsfonts/cm/cmsy10.pfb></usr/local/texlive/2012/texmf-di
st/fonts/type1/public/amsfonts/cm/cmsy8.pfb></usr/local/texlive/2012/texmf-dist
/fonts/type1/public/amsfonts/cm/cmsy9.pfb></usr/local/texlive/2012/texmf-dist/f
onts/type1/public/amsfonts/cm/cmti10.pfb></usr/local/texlive/2012/texmf-dist/fo
nts/type1/public/amsfonts/cm/cmti12.pfb></usr/local/texlive/2012/texmf-dist/fon
ts/type1/public/amsfonts/cm/cmti9.pfb></usr/local/texlive/2012/texmf-dist/fonts
/type1/public/amsfonts/cm/cmtt10.pfb></usr/local/texlive/2012/texmf-dist/fonts/
type1/public/eurosym/feymr10.pfb></usr/local/texlive/2012/texmf-dist/fonts/type
1/urw/times/utmb8a.pfb></usr/local/texlive/2012/texmf-dist/fonts/type1/urw/time
s/utmr8a.pfb></usr/local/texlive/2012/texmf-dist/fonts/type1/urw/times/utmri8a.
pfb>
Output written on main.pdf (83 pages, 12906184 bytes).
PDF statistics:
 13139 PDF objects out of 15390 (max. 8388607)
 12148 compressed objects within 122 object streams
 269 named destinations out of 1000 (max. 500000)
 686 words of extra memory for PDF output out of 10000 (max. 10000000)

